C:\Program Files (x86)\Microsoft Visual Studio\2017\Community\Common7\IDE\VC\VCTargets\Microsoft.CppBuild.targets(377,5): warning MSB8004: Output Directory does not end with a trailing slash.  This build instance will add the slash as it is required to allow proper evaluation of the Output Directory.
  buybot.cpp
  autowall.cpp
  fakewalk.cpp
  lagcompensation.cpp
  resolver.cpp
  legitbot.cpp
  legit_backtrack.cpp
  airstrafe.cpp
  bunnyhop.cpp
  circlestrafer.cpp
  fakelag.cpp
  logs.cpp
  prediction_system.cpp
  spammers.cpp
  aimbot.cpp
  antiaim.cpp
  manual_aa.cpp
  resolver_recode.cpp
  animation_state.cpp
  definitions.cpp
  skinchanger.cpp
  bullet_tracers.cpp
  nightmode.cpp
  other_esp.cpp
  player_esp.cpp
  world_esp.cpp
  configs.cpp
  hooks.cpp
  code_states.cpp
  hooked_beginframe.cpp
  hooked_createmove.cpp
  hooked_dme.cpp
  hooked_events.cpp
  hooked_findmdl.cpp
  hooked_fsn.cpp
  hooked_lockcursor.cpp
  hooked_overrideview.cpp
  hooked_painttraverse.cpp
  hooked_postscreeneffects.cpp
  hooked_sceneend.cpp
  hooked_senddatagram.cpp
  hooked_setupbones.cpp
  hooked_wndproc.cpp
  hooked_timedemo.cpp
  vfunc_hook.cpp
  main.cpp
  cmenu.cpp
  button.cpp
  checkbox.cpp
  color_selector.cpp
  control.cpp
  dropdown.cpp
  group_box.cpp
  key_bind.cpp
  multi_dropdown.cpp
  sliderfloat.cpp
  sliderint.cpp
  text_field.cpp
  text_seperator.cpp
  ctab.cpp
  menu_setup.cpp
  custom_sounds.cpp
  materials.cpp
  Vector2D.cpp
  Vector4D.cpp
  VMatrix.cpp
  characterset.cpp
  checksum_crc.cpp
  checksum_md5.cpp
  Color.cpp
  Convar.cpp
  threadtools.cpp
  UtlBuffer.cpp
  UtlString.cpp
  structs.cpp
  convar_spoofer.cpp
  csgo.cpp
  ctx.cpp
  draw_manager.cpp
  math.cpp
  netmanager.cpp
  util.cpp
  LINK : /LTCG specified but no code generation required; remove /LTCG from the link command line to improve linker performance
  subliminal.vcxproj -> C:\Users\123\Desktop\subliminal.pub\..\output\z0redd.dll
